[0415/163239.281:INFO:CONSOLE(0)] "Fetch event handler is recognized as no-op. No-op fetch handler may bring overhead during navigation. Consider removing the handler if possible.", source:  (0)
[0415/163241.570:INFO:CONSOLE(1)] "框架和 SDK 输出的日志默认不展示，可在框架配置文件中设置开启，详见 https://doc.weixin.qq.com/doc/w3_AWkASAb9APAr8IdJI5VS0OyqetUE6?scode=ANAAyQcbAAgB8qKjm9AWkASAb9APA", source: https://fe-static.xhscdn.com/formula-static/xhs-pc-web/public/resource/js/vendor-dynamic.5919afbb.js (1)
[0415/163241.726:INFO:CONSOLE(3)] "Error", source:  (3)
[0415/163241.834:ERROR:web_contents_delegate.cc(266)] WebContentsDelegate::CheckMediaAccessPermission: Not supported.
[0415/163241.834:ERROR:web_contents_delegate.cc(266)] WebContentsDelegate::CheckMediaAccessPermission: Not supported.
[0415/163242.442:INFO:CONSOLE(1)] "Hydration completed but contains mismatches.", source: https://fe-static.xhscdn.com/formula-static/xhs-pc-web/public/resource/js/library-vue.a815a0f6.js (1)
[0415/163243.981:INFO:CONSOLE(25)] "Service Worker registered success with scope: https://www.xiaohongshu.com/", source: https://fe-static.xhscdn.com/formula-static/xhs-pc-web/public/resource/js/index.e338ae2f.js (25)
[0415/163245.973:INFO:CONSOLE(1)] "Fetch API cannot load chrome-extension://dhjaibcmgocbpegmejfphjhhpaphmkpp/is.js. URL scheme "chrome-extension" is not supported.", source: https://fe-static.xhscdn.com/formula-static/xhs-pc-web/public/resource/js/async/2099.2802e1d9.js (1)
[0415/163245.976:INFO:CONSOLE(1)] "Fetch API cannot load chrome-extension://beeaddblkeeialcohiolkkoiifhgjooj/manifest.json. URL scheme "chrome-extension" is not supported.", source: https://fe-static.xhscdn.com/formula-static/xhs-pc-web/public/resource/js/async/2099.2802e1d9.js (1)
[0415/163245.977:INFO:CONSOLE(1)] "Fetch API cannot load chrome-extension://ddgooekaaihgnbfbgalfiooiicdnmnia/js/js-index.ts.js. URL scheme "chrome-extension" is not supported.", source: https://fe-static.xhscdn.com/formula-static/xhs-pc-web/public/resource/js/async/2099.2802e1d9.js (1)
[0415/163245.978:INFO:CONSOLE(1)] "Fetch API cannot load chrome-extension://keeelahekhhgkpaipdodgjnmgkfcdpde/inject.6070000c.js. URL scheme "chrome-extension" is not supported.", source: https://fe-static.xhscdn.com/formula-static/xhs-pc-web/public/resource/js/async/2099.2802e1d9.js (1)
[0415/163245.979:INFO:CONSOLE(1)] "Fetch API cannot load chrome-extension://dbichmdlbjdeplpkhcejgkakobjbjalc/content-scripts/xiaohongshu.css. URL scheme "chrome-extension" is not supported.", source: https://fe-static.xhscdn.com/formula-static/xhs-pc-web/public/resource/js/async/2099.2802e1d9.js (1)
[0415/163245.980:INFO:CONSOLE(1)] "Fetch API cannot load chrome-extension://piejlhcmefdepbgalcongckfomfobokb/worker.js. URL scheme "chrome-extension" is not supported.", source: https://fe-static.xhscdn.com/formula-static/xhs-pc-web/public/resource/js/async/2099.2802e1d9.js (1)
[0415/163245.981:INFO:CONSOLE(1)] "Fetch API cannot load chrome-extension://lenndnnbdichpjlfmfadcjpaenmiflan/inject.bundle.js. URL scheme "chrome-extension" is not supported.", source: https://fe-static.xhscdn.com/formula-static/xhs-pc-web/public/resource/js/async/2099.2802e1d9.js (1)
[0415/163245.983:INFO:CONSOLE(1)] "Fetch API cannot load chrome-extension://hmeohemhimcjlegdjloglnkfablbneif/inject.bundle.js. URL scheme "chrome-extension" is not supported.", source: https://fe-static.xhscdn.com/formula-static/xhs-pc-web/public/resource/js/async/2099.2802e1d9.js (1)
[0415/163258.341:INFO:CONSOLE(1)] "[apm performance metric] paintTiming", source: https://fe-static.xhscdn.com/formula-static/xhs-pc-web/public/resource/js/vendor-dynamic.5919afbb.js (1)
[0415/163258.341:INFO:CONSOLE(1)] "[object Object]", source: https://fe-static.xhscdn.com/formula-static/xhs-pc-web/public/resource/js/vendor-dynamic.5919afbb.js (1)
[0415/163258.341:INFO:CONSOLE(1)] "console.groupEnd", source: https://fe-static.xhscdn.com/formula-static/xhs-pc-web/public/resource/js/vendor-dynamic.5919afbb.js (1)
[0415/163258.345:INFO:CONSOLE(1)] "[apm performance metric] visualStability", source: https://fe-static.xhscdn.com/formula-static/xhs-pc-web/public/resource/js/vendor-dynamic.5919afbb.js (1)
[0415/163258.345:INFO:CONSOLE(1)] "[object Object]", source: https://fe-static.xhscdn.com/formula-static/xhs-pc-web/public/resource/js/vendor-dynamic.5919afbb.js (1)
[0415/163258.345:INFO:CONSOLE(1)] "console.groupEnd", source: https://fe-static.xhscdn.com/formula-static/xhs-pc-web/public/resource/js/vendor-dynamic.5919afbb.js (1)
[0415/163258.587:INFO:CONSOLE(119)] "框架和 SDK 输出的日志默认不展示，可在框架配置文件中设置开启，详见 https://doc.weixin.qq.com/doc/w3_AWkASAb9APAr8IdJI5VS0OyqetUE6?scode=ANAAyQcbAAgB8qKjm9AWkASAb9APA", source: https://fe-static.xhscdn.com/formula-static/ugc/public/resource/js/811.bfa839ac.js (119)
[0415/163258.660:INFO:CONSOLE(3)] "Error", source:  (3)
[0415/163259.217:INFO:CONSOLE(119)] "[apm] anti_spam_ds_fail", source: https://fe-static.xhscdn.com/formula-static/ugc/public/resource/js/811.bfa839ac.js (119)
[0415/163259.218:INFO:CONSOLE(119)] "console.groupEnd", source: https://fe-static.xhscdn.com/formula-static/ugc/public/resource/js/811.bfa839ac.js (119)
[0415/163259.218:INFO:CONSOLE(119)] "[apm] webmns_error", source: https://fe-static.xhscdn.com/formula-static/ugc/public/resource/js/811.bfa839ac.js (119)
[0415/163259.218:INFO:CONSOLE(119)] "console.groupEnd", source: https://fe-static.xhscdn.com/formula-static/ugc/public/resource/js/811.bfa839ac.js (119)
[0415/163259.218:INFO:CONSOLE(119)] "[apm] infraBrowserResourceTiming", source: https://fe-static.xhscdn.com/formula-static/ugc/public/resource/js/811.bfa839ac.js (119)
[0415/163259.218:INFO:CONSOLE(119)] "console.groupEnd", source: https://fe-static.xhscdn.com/formula-static/ugc/public/resource/js/811.bfa839ac.js (119)
[0415/163259.218:INFO:CONSOLE(119)] "[apm] infraBrowserResourceTiming", source: https://fe-static.xhscdn.com/formula-static/ugc/public/resource/js/811.bfa839ac.js (119)
[0415/163259.218:INFO:CONSOLE(119)] "console.groupEnd", source: https://fe-static.xhscdn.com/formula-static/ugc/public/resource/js/811.bfa839ac.js (119)
[0415/163259.218:INFO:CONSOLE(119)] "[apm] infraBrowserResourceTiming", source: https://fe-static.xhscdn.com/formula-static/ugc/public/resource/js/811.bfa839ac.js (119)
[0415/163259.218:INFO:CONSOLE(119)] "console.groupEnd", source: https://fe-static.xhscdn.com/formula-static/ugc/public/resource/js/811.bfa839ac.js (119)
[0415/163259.219:INFO:CONSOLE(119)] "[apm] infraBrowserResourceTiming", source: https://fe-static.xhscdn.com/formula-static/ugc/public/resource/js/811.bfa839ac.js (119)
[0415/163259.219:INFO:CONSOLE(119)] "console.groupEnd", source: https://fe-static.xhscdn.com/formula-static/ugc/public/resource/js/811.bfa839ac.js (119)
[0415/163259.219:INFO:CONSOLE(119)] "[apm] infraBrowserResourceTiming", source: https://fe-static.xhscdn.com/formula-static/ugc/public/resource/js/811.bfa839ac.js (119)
[0415/163259.219:INFO:CONSOLE(119)] "console.groupEnd", source: https://fe-static.xhscdn.com/formula-static/ugc/public/resource/js/811.bfa839ac.js (119)
[0415/163259.219:INFO:CONSOLE(119)] "[apm] infraBrowserResourceTiming", source: https://fe-static.xhscdn.com/formula-static/ugc/public/resource/js/811.bfa839ac.js (119)
[0415/163259.219:INFO:CONSOLE(119)] "console.groupEnd", source: https://fe-static.xhscdn.com/formula-static/ugc/public/resource/js/811.bfa839ac.js (119)
[0415/163259.219:INFO:CONSOLE(119)] "[apm] infraBrowserResourceTiming", source: https://fe-static.xhscdn.com/formula-static/ugc/public/resource/js/811.bfa839ac.js (119)
[0415/163259.219:INFO:CONSOLE(119)] "console.groupEnd", source: https://fe-static.xhscdn.com/formula-static/ugc/public/resource/js/811.bfa839ac.js (119)
[0415/163259.219:INFO:CONSOLE(119)] "[apm] infraBrowserResourceTiming", source: https://fe-static.xhscdn.com/formula-static/ugc/public/resource/js/811.bfa839ac.js (119)
[0415/163259.219:INFO:CONSOLE(119)] "console.groupEnd", source: https://fe-static.xhscdn.com/formula-static/ugc/public/resource/js/811.bfa839ac.js (119)
[0415/163259.234:INFO:CONSOLE(119)] "[apm] infraBrowserResourceTiming", source: https://fe-static.xhscdn.com/formula-static/ugc/public/resource/js/811.bfa839ac.js (119)
[0415/163259.234:INFO:CONSOLE(119)] "console.groupEnd", source: https://fe-static.xhscdn.com/formula-static/ugc/public/resource/js/811.bfa839ac.js (119)
[0415/163259.235:INFO:CONSOLE(119)] "[apm] infraBrowserResourceTiming", source: https://fe-static.xhscdn.com/formula-static/ugc/public/resource/js/811.bfa839ac.js (119)
[0415/163259.235:INFO:CONSOLE(119)] "console.groupEnd", source: https://fe-static.xhscdn.com/formula-static/ugc/public/resource/js/811.bfa839ac.js (119)
[0415/163259.235:INFO:CONSOLE(119)] "[apm] infraBrowserResourceTiming", source: https://fe-static.xhscdn.com/formula-static/ugc/public/resource/js/811.bfa839ac.js (119)
[0415/163259.235:INFO:CONSOLE(119)] "console.groupEnd", source: https://fe-static.xhscdn.com/formula-static/ugc/public/resource/js/811.bfa839ac.js (119)
[0415/163259.235:INFO:CONSOLE(119)] "[apm] infraBrowserResourceTiming", source: https://fe-static.xhscdn.com/formula-static/ugc/public/resource/js/811.bfa839ac.js (119)
[0415/163259.235:INFO:CONSOLE(119)] "console.groupEnd", source: https://fe-static.xhscdn.com/formula-static/ugc/public/resource/js/811.bfa839ac.js (119)
[0415/163259.235:INFO:CONSOLE(119)] "[apm] infraBrowserResourceTiming", source: https://fe-static.xhscdn.com/formula-static/ugc/public/resource/js/811.bfa839ac.js (119)
[0415/163259.235:INFO:CONSOLE(119)] "console.groupEnd", source: https://fe-static.xhscdn.com/formula-static/ugc/public/resource/js/811.bfa839ac.js (119)
[0415/163259.235:INFO:CONSOLE(119)] "[apm] infraBrowserResourceTiming", source: https://fe-static.xhscdn.com/formula-static/ugc/public/resource/js/811.bfa839ac.js (119)
[0415/163259.235:INFO:CONSOLE(119)] "console.groupEnd", source: https://fe-static.xhscdn.com/formula-static/ugc/public/resource/js/811.bfa839ac.js (119)
[0415/163259.236:INFO:CONSOLE(119)] "[apm] infraBrowserResourceTiming", source: https://fe-static.xhscdn.com/formula-static/ugc/public/resource/js/811.bfa839ac.js (119)
[0415/163259.236:INFO:CONSOLE(119)] "console.groupEnd", source: https://fe-static.xhscdn.com/formula-static/ugc/public/resource/js/811.bfa839ac.js (119)
[0415/163259.236:INFO:CONSOLE(119)] "[apm] infraBrowserResourceTiming", source: https://fe-static.xhscdn.com/formula-static/ugc/public/resource/js/811.bfa839ac.js (119)
[0415/163259.236:INFO:CONSOLE(119)] "console.groupEnd", source: https://fe-static.xhscdn.com/formula-static/ugc/public/resource/js/811.bfa839ac.js (119)
[0415/163259.236:INFO:CONSOLE(119)] "[apm] infraBrowserResourceTiming", source: https://fe-static.xhscdn.com/formula-static/ugc/public/resource/js/811.bfa839ac.js (119)
[0415/163259.236:INFO:CONSOLE(119)] "console.groupEnd", source: https://fe-static.xhscdn.com/formula-static/ugc/public/resource/js/811.bfa839ac.js (119)
[0415/163259.236:INFO:CONSOLE(119)] "[apm] infraBrowserResourceTiming", source: https://fe-static.xhscdn.com/formula-static/ugc/public/resource/js/811.bfa839ac.js (119)
[0415/163259.236:INFO:CONSOLE(119)] "console.groupEnd", source: https://fe-static.xhscdn.com/formula-static/ugc/public/resource/js/811.bfa839ac.js (119)
[0415/163259.236:INFO:CONSOLE(119)] "[apm] infraBrowserResourceTiming", source: https://fe-static.xhscdn.com/formula-static/ugc/public/resource/js/811.bfa839ac.js (119)
[0415/163259.237:INFO:CONSOLE(119)] "console.groupEnd", source: https://fe-static.xhscdn.com/formula-static/ugc/public/resource/js/811.bfa839ac.js (119)
[0415/163259.237:INFO:CONSOLE(119)] "[apm] infraBrowserResourceTiming", source: https://fe-static.xhscdn.com/formula-static/ugc/public/resource/js/811.bfa839ac.js (119)
[0415/163259.237:INFO:CONSOLE(119)] "console.groupEnd", source: https://fe-static.xhscdn.com/formula-static/ugc/public/resource/js/811.bfa839ac.js (119)
[0415/163259.237:INFO:CONSOLE(119)] "[apm] infraBrowserResourceTiming", source: https://fe-static.xhscdn.com/formula-static/ugc/public/resource/js/811.bfa839ac.js (119)
[0415/163259.237:INFO:CONSOLE(119)] "console.groupEnd", source: https://fe-static.xhscdn.com/formula-static/ugc/public/resource/js/811.bfa839ac.js (119)
[0415/163259.237:INFO:CONSOLE(119)] "[apm] infraBrowserResourceTiming", source: https://fe-static.xhscdn.com/formula-static/ugc/public/resource/js/811.bfa839ac.js (119)
[0415/163259.237:INFO:CONSOLE(119)] "console.groupEnd", source: https://fe-static.xhscdn.com/formula-static/ugc/public/resource/js/811.bfa839ac.js (119)
[0415/163259.237:INFO:CONSOLE(119)] "[apm] infraBrowserResourceTiming", source: https://fe-static.xhscdn.com/formula-static/ugc/public/resource/js/811.bfa839ac.js (119)
[0415/163259.237:INFO:CONSOLE(119)] "console.groupEnd", source: https://fe-static.xhscdn.com/formula-static/ugc/public/resource/js/811.bfa839ac.js (119)
[0415/163259.238:INFO:CONSOLE(119)] "[apm] infraBrowserResourceTiming", source: https://fe-static.xhscdn.com/formula-static/ugc/public/resource/js/811.bfa839ac.js (119)
[0415/163259.238:INFO:CONSOLE(119)] "console.groupEnd", source: https://fe-static.xhscdn.com/formula-static/ugc/public/resource/js/811.bfa839ac.js (119)
[0415/163259.238:INFO:CONSOLE(119)] "[apm] infraBrowserResourceTiming", source: https://fe-static.xhscdn.com/formula-static/ugc/public/resource/js/811.bfa839ac.js (119)
[0415/163259.238:INFO:CONSOLE(119)] "console.groupEnd", source: https://fe-static.xhscdn.com/formula-static/ugc/public/resource/js/811.bfa839ac.js (119)
[0415/163259.238:INFO:CONSOLE(119)] "[apm] infraBrowserResourceTiming", source: https://fe-static.xhscdn.com/formula-static/ugc/public/resource/js/811.bfa839ac.js (119)
[0415/163259.238:INFO:CONSOLE(119)] "console.groupEnd", source: https://fe-static.xhscdn.com/formula-static/ugc/public/resource/js/811.bfa839ac.js (119)
[0415/163259.238:INFO:CONSOLE(119)] "[apm] infraBrowserResourceTiming", source: https://fe-static.xhscdn.com/formula-static/ugc/public/resource/js/811.bfa839ac.js (119)
[0415/163259.238:INFO:CONSOLE(119)] "console.groupEnd", source: https://fe-static.xhscdn.com/formula-static/ugc/public/resource/js/811.bfa839ac.js (119)
[0415/163259.238:INFO:CONSOLE(119)] "[apm] infraBrowserResourceTiming", source: https://fe-static.xhscdn.com/formula-static/ugc/public/resource/js/811.bfa839ac.js (119)
[0415/163259.238:INFO:CONSOLE(119)] "console.groupEnd", source: https://fe-static.xhscdn.com/formula-static/ugc/public/resource/js/811.bfa839ac.js (119)
[0415/163259.257:INFO:CONSOLE(119)] "[apm] infraBrowserResourceTiming", source: https://fe-static.xhscdn.com/formula-static/ugc/public/resource/js/811.bfa839ac.js (119)
[0415/163259.258:INFO:CONSOLE(119)] "console.groupEnd", source: https://fe-static.xhscdn.com/formula-static/ugc/public/resource/js/811.bfa839ac.js (119)
[0415/163259.258:INFO:CONSOLE(119)] "[apm] infraBrowserResourceTiming", source: https://fe-static.xhscdn.com/formula-static/ugc/public/resource/js/811.bfa839ac.js (119)
[0415/163259.258:INFO:CONSOLE(119)] "console.groupEnd", source: https://fe-static.xhscdn.com/formula-static/ugc/public/resource/js/811.bfa839ac.js (119)
[0415/163259.258:INFO:CONSOLE(119)] "[apm] infraBrowserResourceTiming", source: https://fe-static.xhscdn.com/formula-static/ugc/public/resource/js/811.bfa839ac.js (119)
[0415/163259.258:INFO:CONSOLE(119)] "console.groupEnd", source: https://fe-static.xhscdn.com/formula-static/ugc/public/resource/js/811.bfa839ac.js (119)
[0415/163259.258:INFO:CONSOLE(119)] "[apm] infraBrowserResourceTiming", source: https://fe-static.xhscdn.com/formula-static/ugc/public/resource/js/811.bfa839ac.js (119)
[0415/163259.258:INFO:CONSOLE(119)] "console.groupEnd", source: https://fe-static.xhscdn.com/formula-static/ugc/public/resource/js/811.bfa839ac.js (119)
[0415/163259.258:INFO:CONSOLE(119)] "[apm] infraBrowserResourceTiming", source: https://fe-static.xhscdn.com/formula-static/ugc/public/resource/js/811.bfa839ac.js (119)
[0415/163259.258:INFO:CONSOLE(119)] "console.groupEnd", source: https://fe-static.xhscdn.com/formula-static/ugc/public/resource/js/811.bfa839ac.js (119)
[0415/163259.279:INFO:CONSOLE(119)] "[apm] infraBrowserResourceTiming", source: https://fe-static.xhscdn.com/formula-static/ugc/public/resource/js/811.bfa839ac.js (119)
[0415/163259.279:INFO:CONSOLE(119)] "console.groupEnd", source: https://fe-static.xhscdn.com/formula-static/ugc/public/resource/js/811.bfa839ac.js (119)
[0415/163259.279:INFO:CONSOLE(119)] "[apm] infraBrowserResourceTiming", source: https://fe-static.xhscdn.com/formula-static/ugc/public/resource/js/811.bfa839ac.js (119)
[0415/163259.279:INFO:CONSOLE(119)] "console.groupEnd", source: https://fe-static.xhscdn.com/formula-static/ugc/public/resource/js/811.bfa839ac.js (119)
[0415/163259.279:INFO:CONSOLE(119)] "[apm] infraBrowserResourceTiming", source: https://fe-static.xhscdn.com/formula-static/ugc/public/resource/js/811.bfa839ac.js (119)
[0415/163259.279:INFO:CONSOLE(119)] "console.groupEnd", source: https://fe-static.xhscdn.com/formula-static/ugc/public/resource/js/811.bfa839ac.js (119)
[0415/163259.279:INFO:CONSOLE(119)] "[apm] infraBrowserResourceTiming", source: https://fe-static.xhscdn.com/formula-static/ugc/public/resource/js/811.bfa839ac.js (119)
[0415/163259.279:INFO:CONSOLE(119)] "console.groupEnd", source: https://fe-static.xhscdn.com/formula-static/ugc/public/resource/js/811.bfa839ac.js (119)
[0415/163259.279:INFO:CONSOLE(119)] "[apm] infraBrowserResourceTiming", source: https://fe-static.xhscdn.com/formula-static/ugc/public/resource/js/811.bfa839ac.js (119)
[0415/163259.279:INFO:CONSOLE(119)] "console.groupEnd", source: https://fe-static.xhscdn.com/formula-static/ugc/public/resource/js/811.bfa839ac.js (119)
[0415/163259.280:INFO:CONSOLE(119)] "[apm] httpRequestTiming", source: https://fe-static.xhscdn.com/formula-static/ugc/public/resource/js/811.bfa839ac.js (119)
[0415/163259.280:INFO:CONSOLE(119)] "console.groupEnd", source: https://fe-static.xhscdn.com/formula-static/ugc/public/resource/js/811.bfa839ac.js (119)
[0415/163259.280:INFO:CONSOLE(119)] "[apm] infra_sec_web_api_walify", source: https://fe-static.xhscdn.com/formula-static/ugc/public/resource/js/811.bfa839ac.js (119)
[0415/163259.280:INFO:CONSOLE(119)] "console.groupEnd", source: https://fe-static.xhscdn.com/formula-static/ugc/public/resource/js/811.bfa839ac.js (119)
[0415/163259.280:INFO:CONSOLE(119)] "[apm] httpRequestTiming", source: https://fe-static.xhscdn.com/formula-static/ugc/public/resource/js/811.bfa839ac.js (119)
[0415/163259.281:INFO:CONSOLE(119)] "console.groupEnd", source: https://fe-static.xhscdn.com/formula-static/ugc/public/resource/js/811.bfa839ac.js (119)
[0415/163259.281:INFO:CONSOLE(119)] "[apm] infra_sec_web_api_walify", source: https://fe-static.xhscdn.com/formula-static/ugc/public/resource/js/811.bfa839ac.js (119)
[0415/163259.281:INFO:CONSOLE(119)] "console.groupEnd", source: https://fe-static.xhscdn.com/formula-static/ugc/public/resource/js/811.bfa839ac.js (119)
[0415/163259.281:INFO:CONSOLE(119)] "[apm] infra_sec_web_api_walify", source: https://fe-static.xhscdn.com/formula-static/ugc/public/resource/js/811.bfa839ac.js (119)
[0415/163259.281:INFO:CONSOLE(119)] "console.groupEnd", source: https://fe-static.xhscdn.com/formula-static/ugc/public/resource/js/811.bfa839ac.js (119)
[0415/163259.472:INFO:CONSOLE(119)] "[apm] httpRequestTiming", source: https://fe-static.xhscdn.com/formula-static/ugc/public/resource/js/811.bfa839ac.js (119)
[0415/163259.472:INFO:CONSOLE(119)] "console.groupEnd", source: https://fe-static.xhscdn.com/formula-static/ugc/public/resource/js/811.bfa839ac.js (119)
[0415/163259.472:INFO:CONSOLE(119)] "[apm] httpRequestTiming", source: https://fe-static.xhscdn.com/formula-static/ugc/public/resource/js/811.bfa839ac.js (119)
[0415/163259.472:INFO:CONSOLE(119)] "console.groupEnd", source: https://fe-static.xhscdn.com/formula-static/ugc/public/resource/js/811.bfa839ac.js (119)
[0415/163259.472:INFO:CONSOLE(119)] "[apm] httpRequestTiming", source: https://fe-static.xhscdn.com/formula-static/ugc/public/resource/js/811.bfa839ac.js (119)
[0415/163259.472:INFO:CONSOLE(119)] "console.groupEnd", source: https://fe-static.xhscdn.com/formula-static/ugc/public/resource/js/811.bfa839ac.js (119)
[0415/163259.472:INFO:CONSOLE(119)] "[apm] httpRequestTiming", source: https://fe-static.xhscdn.com/formula-static/ugc/public/resource/js/811.bfa839ac.js (119)
[0415/163259.472:INFO:CONSOLE(119)] "console.groupEnd", source: https://fe-static.xhscdn.com/formula-static/ugc/public/resource/js/811.bfa839ac.js (119)
[0415/163259.472:INFO:CONSOLE(119)] "[apm] infra_sec_web_api_walify", source: https://fe-static.xhscdn.com/formula-static/ugc/public/resource/js/811.bfa839ac.js (119)
[0415/163259.472:INFO:CONSOLE(119)] "console.groupEnd", source: https://fe-static.xhscdn.com/formula-static/ugc/public/resource/js/811.bfa839ac.js (119)
[0415/163300.091:INFO:CONSOLE(119)] "[apm] infra_sec_web_api_walify", source: https://fe-static.xhscdn.com/formula-static/ugc/public/resource/js/811.bfa839ac.js (119)
[0415/163300.091:INFO:CONSOLE(119)] "console.groupEnd", source: https://fe-static.xhscdn.com/formula-static/ugc/public/resource/js/811.bfa839ac.js (119)
[0415/163300.092:INFO:CONSOLE(119)] "[apm] httpRequestTiming", source: https://fe-static.xhscdn.com/formula-static/ugc/public/resource/js/811.bfa839ac.js (119)
[0415/163300.092:INFO:CONSOLE(119)] "console.groupEnd", source: https://fe-static.xhscdn.com/formula-static/ugc/public/resource/js/811.bfa839ac.js (119)
[0415/163300.092:INFO:CONSOLE(119)] "[apm] sns_web_publish_new_bootstrap", source: https://fe-static.xhscdn.com/formula-static/ugc/public/resource/js/811.bfa839ac.js (119)
[0415/163300.092:INFO:CONSOLE(119)] "console.groupEnd", source: https://fe-static.xhscdn.com/formula-static/ugc/public/resource/js/811.bfa839ac.js (119)
[0415/163300.092:INFO:CONSOLE(119)] "[apm] sns_web_publish_upload_video", source: https://fe-static.xhscdn.com/formula-static/ugc/public/resource/js/811.bfa839ac.js (119)
[0415/163300.092:INFO:CONSOLE(119)] "console.groupEnd", source: https://fe-static.xhscdn.com/formula-static/ugc/public/resource/js/811.bfa839ac.js (119)
[0415/163300.093:INFO:CONSOLE(119)] "[apm] sns_web_draft_point", source: https://fe-static.xhscdn.com/formula-static/ugc/public/resource/js/811.bfa839ac.js (119)
[0415/163300.093:INFO:CONSOLE(119)] "console.groupEnd", source: https://fe-static.xhscdn.com/formula-static/ugc/public/resource/js/811.bfa839ac.js (119)
[0415/163300.422:INFO:CONSOLE(1)] "Fetch API cannot load chrome-extension://dhjaibcmgocbpegmejfphjhhpaphmkpp/is.js. URL scheme "chrome-extension" is not supported.", source: https://fe-static.xhscdn.com/as/v2/fp/37e62403b0c497730e7e846a0e319120.js (1)
[0415/163300.422:INFO:CONSOLE(1)] "Fetch API cannot load chrome-extension://beeaddblkeeialcohiolkkoiifhgjooj/manifest.json. URL scheme "chrome-extension" is not supported.", source: https://fe-static.xhscdn.com/as/v2/fp/37e62403b0c497730e7e846a0e319120.js (1)
[0415/163300.422:INFO:CONSOLE(1)] "Fetch API cannot load chrome-extension://ddgooekaaihgnbfbgalfiooiicdnmnia/js/js-index.ts.js. URL scheme "chrome-extension" is not supported.", source: https://fe-static.xhscdn.com/as/v2/fp/37e62403b0c497730e7e846a0e319120.js (1)
[0415/163300.422:INFO:CONSOLE(1)] "Fetch API cannot load chrome-extension://keeelahekhhgkpaipdodgjnmgkfcdpde/inject.6070000c.js. URL scheme "chrome-extension" is not supported.", source: https://fe-static.xhscdn.com/as/v2/fp/37e62403b0c497730e7e846a0e319120.js (1)
[0415/163300.423:INFO:CONSOLE(1)] "Fetch API cannot load chrome-extension://dbichmdlbjdeplpkhcejgkakobjbjalc/content-scripts/xiaohongshu.css. URL scheme "chrome-extension" is not supported.", source: https://fe-static.xhscdn.com/as/v2/fp/37e62403b0c497730e7e846a0e319120.js (1)
[0415/163300.423:INFO:CONSOLE(1)] "Fetch API cannot load chrome-extension://piejlhcmefdepbgalcongckfomfobokb/worker.js. URL scheme "chrome-extension" is not supported.", source: https://fe-static.xhscdn.com/as/v2/fp/37e62403b0c497730e7e846a0e319120.js (1)
[0415/163300.423:INFO:CONSOLE(1)] "Fetch API cannot load chrome-extension://lenndnnbdichpjlfmfadcjpaenmiflan/inject.bundle.js. URL scheme "chrome-extension" is not supported.", source: https://fe-static.xhscdn.com/as/v2/fp/37e62403b0c497730e7e846a0e319120.js (1)
[0415/163300.423:INFO:CONSOLE(1)] "Fetch API cannot load chrome-extension://hmeohemhimcjlegdjloglnkfablbneif/inject.bundle.js. URL scheme "chrome-extension" is not supported.", source: https://fe-static.xhscdn.com/as/v2/fp/37e62403b0c497730e7e846a0e319120.js (1)
[0415/163302.711:INFO:CONSOLE(119)] "[apm performance metric] paintTiming", source: https://fe-static.xhscdn.com/formula-static/ugc/public/resource/js/811.bfa839ac.js (119)
[0415/163302.712:INFO:CONSOLE(119)] "console.groupEnd", source: https://fe-static.xhscdn.com/formula-static/ugc/public/resource/js/811.bfa839ac.js (119)
[0415/163302.731:INFO:CONSOLE(1)] "实时竞速: 2928.591796875 ms", source: https://fe-static.xhscdn.com/formula-static/ugc/public/resource/js/index.2cbfd2f7.js (1)
[0415/163302.849:INFO:CONSOLE(119)] "[apm] httpRequestTiming", source: https://fe-static.xhscdn.com/formula-static/ugc/public/resource/js/811.bfa839ac.js (119)
[0415/163302.849:INFO:CONSOLE(119)] "console.groupEnd", source: https://fe-static.xhscdn.com/formula-static/ugc/public/resource/js/811.bfa839ac.js (119)
[0415/163302.849:INFO:CONSOLE(119)] "[apm] sns_web_article_core_flow", source: https://fe-static.xhscdn.com/formula-static/ugc/public/resource/js/811.bfa839ac.js (119)
[0415/163302.850:INFO:CONSOLE(119)] "console.groupEnd", source: https://fe-static.xhscdn.com/formula-static/ugc/public/resource/js/811.bfa839ac.js (119)
[0415/163302.850:INFO:CONSOLE(119)] "[apm] httpRequestTiming", source: https://fe-static.xhscdn.com/formula-static/ugc/public/resource/js/811.bfa839ac.js (119)
[0415/163302.850:INFO:CONSOLE(119)] "console.groupEnd", source: https://fe-static.xhscdn.com/formula-static/ugc/public/resource/js/811.bfa839ac.js (119)
[0415/163302.850:INFO:CONSOLE(119)] "[apm] httpRequestTiming", source: https://fe-static.xhscdn.com/formula-static/ugc/public/resource/js/811.bfa839ac.js (119)
[0415/163302.850:INFO:CONSOLE(119)] "console.groupEnd", source: https://fe-static.xhscdn.com/formula-static/ugc/public/resource/js/811.bfa839ac.js (119)
[0415/163302.850:INFO:CONSOLE(119)] "[apm] httpRequestTiming", source: https://fe-static.xhscdn.com/formula-static/ugc/public/resource/js/811.bfa839ac.js (119)
[0415/163302.850:INFO:CONSOLE(119)] "console.groupEnd", source: https://fe-static.xhscdn.com/formula-static/ugc/public/resource/js/811.bfa839ac.js (119)
[0415/163306.084:INFO:CONSOLE(119)] "[apm] httpRequestTiming", source: https://fe-static.xhscdn.com/formula-static/ugc/public/resource/js/811.bfa839ac.js (119)
[0415/163306.084:INFO:CONSOLE(119)] "console.groupEnd", source: https://fe-static.xhscdn.com/formula-static/ugc/public/resource/js/811.bfa839ac.js (119)
[0415/163306.084:INFO:CONSOLE(119)] "[apm] httpRequestTiming", source: https://fe-static.xhscdn.com/formula-static/ugc/public/resource/js/811.bfa839ac.js (119)
[0415/163306.084:INFO:CONSOLE(119)] "console.groupEnd", source: https://fe-static.xhscdn.com/formula-static/ugc/public/resource/js/811.bfa839ac.js (119)
[0415/163306.084:INFO:CONSOLE(119)] "[apm] httpRequestTiming", source: https://fe-static.xhscdn.com/formula-static/ugc/public/resource/js/811.bfa839ac.js (119)
[0415/163306.084:INFO:CONSOLE(119)] "console.groupEnd", source: https://fe-static.xhscdn.com/formula-static/ugc/public/resource/js/811.bfa839ac.js (119)
[0415/163306.084:INFO:CONSOLE(119)] "[apm] sns_web_article_core_flow", source: https://fe-static.xhscdn.com/formula-static/ugc/public/resource/js/811.bfa839ac.js (119)
[0415/163306.085:INFO:CONSOLE(119)] "console.groupEnd", source: https://fe-static.xhscdn.com/formula-static/ugc/public/resource/js/811.bfa839ac.js (119)
[0415/163306.085:INFO:CONSOLE(119)] "[apm] sns_web_article_core_flow", source: https://fe-static.xhscdn.com/formula-static/ugc/public/resource/js/811.bfa839ac.js (119)
[0415/163306.085:INFO:CONSOLE(119)] "console.groupEnd", source: https://fe-static.xhscdn.com/formula-static/ugc/public/resource/js/811.bfa839ac.js (119)
[0415/163311.068:INFO:CONSOLE(119)] "[apm] sns_web_article_core_flow", source: https://fe-static.xhscdn.com/formula-static/ugc/public/resource/js/811.bfa839ac.js (119)
[0415/163311.068:INFO:CONSOLE(119)] "console.groupEnd", source: https://fe-static.xhscdn.com/formula-static/ugc/public/resource/js/811.bfa839ac.js (119)
[0415/163311.069:INFO:CONSOLE(119)] "[apm] httpRequestTiming", source: https://fe-static.xhscdn.com/formula-static/ugc/public/resource/js/811.bfa839ac.js (119)
[0415/163311.069:INFO:CONSOLE(119)] "console.groupEnd", source: https://fe-static.xhscdn.com/formula-static/ugc/public/resource/js/811.bfa839ac.js (119)
[0415/163311.069:INFO:CONSOLE(119)] "[apm] sns_web_publish_lcp", source: https://fe-static.xhscdn.com/formula-static/ugc/public/resource/js/811.bfa839ac.js (119)
[0415/163311.069:INFO:CONSOLE(119)] "console.groupEnd", source: https://fe-static.xhscdn.com/formula-static/ugc/public/resource/js/811.bfa839ac.js (119)
[0415/163311.069:INFO:CONSOLE(119)] "[apm] sns_web_draft_point", source: https://fe-static.xhscdn.com/formula-static/ugc/public/resource/js/811.bfa839ac.js (119)
[0415/163311.069:INFO:CONSOLE(119)] "console.groupEnd", source: https://fe-static.xhscdn.com/formula-static/ugc/public/resource/js/811.bfa839ac.js (119)
[0415/163312.698:INFO:CONSOLE(119)] "[apm] httpRequestTiming", source: https://fe-static.xhscdn.com/formula-static/ugc/public/resource/js/811.bfa839ac.js (119)
[0415/163312.698:INFO:CONSOLE(119)] "console.groupEnd", source: https://fe-static.xhscdn.com/formula-static/ugc/public/resource/js/811.bfa839ac.js (119)
[0415/163312.699:INFO:CONSOLE(119)] "[apm] sns_web_article_core_flow", source: https://fe-static.xhscdn.com/formula-static/ugc/public/resource/js/811.bfa839ac.js (119)
[0415/163312.699:INFO:CONSOLE(119)] "console.groupEnd", source: https://fe-static.xhscdn.com/formula-static/ugc/public/resource/js/811.bfa839ac.js (119)
[0415/163312.699:INFO:CONSOLE(119)] "[apm] sns_web_article_core_flow", source: https://fe-static.xhscdn.com/formula-static/ugc/public/resource/js/811.bfa839ac.js (119)
[0415/163312.699:INFO:CONSOLE(119)] "console.groupEnd", source: https://fe-static.xhscdn.com/formula-static/ugc/public/resource/js/811.bfa839ac.js (119)
[0415/163312.699:INFO:CONSOLE(119)] "[apm] sns_web_article_core_flow", source: https://fe-static.xhscdn.com/formula-static/ugc/public/resource/js/811.bfa839ac.js (119)
[0415/163312.699:INFO:CONSOLE(119)] "console.groupEnd", source: https://fe-static.xhscdn.com/formula-static/ugc/public/resource/js/811.bfa839ac.js (119)
[0415/163312.699:INFO:CONSOLE(119)] "[apm] sns_web_article_core_flow", source: https://fe-static.xhscdn.com/formula-static/ugc/public/resource/js/811.bfa839ac.js (119)
[0415/163312.699:INFO:CONSOLE(119)] "console.groupEnd", source: https://fe-static.xhscdn.com/formula-static/ugc/public/resource/js/811.bfa839ac.js (119)
[0415/163312.936:INFO:CONSOLE(10)] "[Debug-Creation] 编辑器1分页参数 [object Object]", source: https://fe-static.xhscdn.com/formula-static/ugc/public/resource/js/async/3240.7171ef71.js (10)
[0415/163312.991:INFO:CONSOLE(10)] "splitPage: 53.007080078125 ms", source: https://fe-static.xhscdn.com/formula-static/ugc/public/resource/js/async/3240.7171ef71.js (10)
[0415/163312.991:INFO:CONSOLE(10)] "[Debug-Creation] 分页结果-第1页 [object Object]", source: https://fe-static.xhscdn.com/formula-static/ugc/public/resource/js/async/3240.7171ef71.js (10)
[0415/163313.025:INFO:CONSOLE(10)] "[Debug-Creation] 编辑器2分页参数 [object Object]", source: https://fe-static.xhscdn.com/formula-static/ugc/public/resource/js/async/3240.7171ef71.js (10)
[0415/163316.985:INFO:CONSOLE(119)] "[apm] httpRequestTiming", source: https://fe-static.xhscdn.com/formula-static/ugc/public/resource/js/811.bfa839ac.js (119)
[0415/163316.985:INFO:CONSOLE(119)] "console.groupEnd", source: https://fe-static.xhscdn.com/formula-static/ugc/public/resource/js/811.bfa839ac.js (119)
[0415/163316.985:INFO:CONSOLE(119)] "[apm] sns_web_article_core_flow", source: https://fe-static.xhscdn.com/formula-static/ugc/public/resource/js/811.bfa839ac.js (119)
[0415/163316.986:INFO:CONSOLE(119)] "console.groupEnd", source: https://fe-static.xhscdn.com/formula-static/ugc/public/resource/js/811.bfa839ac.js (119)
[0415/163316.986:INFO:CONSOLE(119)] "[apm] httpRequestTiming", source: https://fe-static.xhscdn.com/formula-static/ugc/public/resource/js/811.bfa839ac.js (119)
[0415/163316.986:INFO:CONSOLE(119)] "console.groupEnd", source: https://fe-static.xhscdn.com/formula-static/ugc/public/resource/js/811.bfa839ac.js (119)
[0415/163316.986:INFO:CONSOLE(119)] "[apm] httpRequestTiming", source: https://fe-static.xhscdn.com/formula-static/ugc/public/resource/js/811.bfa839ac.js (119)
[0415/163316.986:INFO:CONSOLE(119)] "console.groupEnd", source: https://fe-static.xhscdn.com/formula-static/ugc/public/resource/js/811.bfa839ac.js (119)
[0415/163316.987:INFO:CONSOLE(119)] "[apm] sns_web_article_core_flow", source: https://fe-static.xhscdn.com/formula-static/ugc/public/resource/js/811.bfa839ac.js (119)
[0415/163316.987:INFO:CONSOLE(119)] "console.groupEnd", source: https://fe-static.xhscdn.com/formula-static/ugc/public/resource/js/811.bfa839ac.js (119)
[0415/163318.477:INFO:CONSOLE(119)] "[apm] httpRequestTiming", source: https://fe-static.xhscdn.com/formula-static/ugc/public/resource/js/811.bfa839ac.js (119)
[0415/163318.477:INFO:CONSOLE(119)] "console.groupEnd", source: https://fe-static.xhscdn.com/formula-static/ugc/public/resource/js/811.bfa839ac.js (119)
[0415/163318.477:INFO:CONSOLE(119)] "[apm] sns_web_article_core_flow", source: https://fe-static.xhscdn.com/formula-static/ugc/public/resource/js/811.bfa839ac.js (119)
[0415/163318.477:INFO:CONSOLE(119)] "console.groupEnd", source: https://fe-static.xhscdn.com/formula-static/ugc/public/resource/js/811.bfa839ac.js (119)
[0415/163318.478:INFO:CONSOLE(119)] "[apm] sns_web_publish_upload_image", source: https://fe-static.xhscdn.com/formula-static/ugc/public/resource/js/811.bfa839ac.js (119)
[0415/163318.478:INFO:CONSOLE(119)] "console.groupEnd", source: https://fe-static.xhscdn.com/formula-static/ugc/public/resource/js/811.bfa839ac.js (119)
[0415/163318.478:INFO:CONSOLE(119)] "[apm] sns_web_publish_upload_image", source: https://fe-static.xhscdn.com/formula-static/ugc/public/resource/js/811.bfa839ac.js (119)
[0415/163318.478:INFO:CONSOLE(119)] "console.groupEnd", source: https://fe-static.xhscdn.com/formula-static/ugc/public/resource/js/811.bfa839ac.js (119)
[0415/163318.478:INFO:CONSOLE(119)] "[apm] sns_web_publish_upload_image", source: https://fe-static.xhscdn.com/formula-static/ugc/public/resource/js/811.bfa839ac.js (119)
[0415/163318.478:INFO:CONSOLE(119)] "console.groupEnd", source: https://fe-static.xhscdn.com/formula-static/ugc/public/resource/js/811.bfa839ac.js (119)
[0415/163318.885:INFO:CONSOLE(1)] "[object GeolocationPositionError]", source: https://fe-static.xhscdn.com/formula-static/ugc/public/resource/js/project-publish-vue.4af36969.js (1)
[0415/163318.985:INFO:CONSOLE(119)] "[apm] sns_web_publish_upload_image", source: https://fe-static.xhscdn.com/formula-static/ugc/public/resource/js/811.bfa839ac.js (119)
[0415/163318.985:INFO:CONSOLE(119)] "console.groupEnd", source: https://fe-static.xhscdn.com/formula-static/ugc/public/resource/js/811.bfa839ac.js (119)
[0415/163318.985:INFO:CONSOLE(119)] "[apm] sns_web_publish_upload_image", source: https://fe-static.xhscdn.com/formula-static/ugc/public/resource/js/811.bfa839ac.js (119)
[0415/163318.985:INFO:CONSOLE(119)] "console.groupEnd", source: https://fe-static.xhscdn.com/formula-static/ugc/public/resource/js/811.bfa839ac.js (119)
[0415/163318.985:INFO:CONSOLE(119)] "[apm] sns_web_publish_upload_image", source: https://fe-static.xhscdn.com/formula-static/ugc/public/resource/js/811.bfa839ac.js (119)
[0415/163318.986:INFO:CONSOLE(119)] "console.groupEnd", source: https://fe-static.xhscdn.com/formula-static/ugc/public/resource/js/811.bfa839ac.js (119)
[0415/163318.986:INFO:CONSOLE(119)] "[apm] sns_web_publish_upload_image", source: https://fe-static.xhscdn.com/formula-static/ugc/public/resource/js/811.bfa839ac.js (119)
[0415/163318.986:INFO:CONSOLE(119)] "console.groupEnd", source: https://fe-static.xhscdn.com/formula-static/ugc/public/resource/js/811.bfa839ac.js (119)
[0415/163318.986:INFO:CONSOLE(119)] "[apm] sns_web_article_core_flow", source: https://fe-static.xhscdn.com/formula-static/ugc/public/resource/js/811.bfa839ac.js (119)
[0415/163318.986:INFO:CONSOLE(119)] "console.groupEnd", source: https://fe-static.xhscdn.com/formula-static/ugc/public/resource/js/811.bfa839ac.js (119)
[0415/163319.095:INFO:CONSOLE(119)] "[apm] sns_web_publish_publish", source: https://fe-static.xhscdn.com/formula-static/ugc/public/resource/js/811.bfa839ac.js (119)
[0415/163319.095:INFO:CONSOLE(119)] "console.groupEnd", source: https://fe-static.xhscdn.com/formula-static/ugc/public/resource/js/811.bfa839ac.js (119)
[0415/163319.095:INFO:CONSOLE(119)] "[apm] sns_web_publish_upload_image", source: https://fe-static.xhscdn.com/formula-static/ugc/public/resource/js/811.bfa839ac.js (119)
[0415/163319.096:INFO:CONSOLE(119)] "console.groupEnd", source: https://fe-static.xhscdn.com/formula-static/ugc/public/resource/js/811.bfa839ac.js (119)
[0415/163319.096:INFO:CONSOLE(119)] "[apm] httpRequestTiming", source: https://fe-static.xhscdn.com/formula-static/ugc/public/resource/js/811.bfa839ac.js (119)
[0415/163319.096:INFO:CONSOLE(119)] "console.groupEnd", source: https://fe-static.xhscdn.com/formula-static/ugc/public/resource/js/811.bfa839ac.js (119)
[0415/163319.096:INFO:CONSOLE(119)] "[apm] httpRequestTiming", source: https://fe-static.xhscdn.com/formula-static/ugc/public/resource/js/811.bfa839ac.js (119)
[0415/163319.096:INFO:CONSOLE(119)] "console.groupEnd", source: https://fe-static.xhscdn.com/formula-static/ugc/public/resource/js/811.bfa839ac.js (119)
[0415/163319.096:INFO:CONSOLE(119)] "[apm] httpRequestTiming", source: https://fe-static.xhscdn.com/formula-static/ugc/public/resource/js/811.bfa839ac.js (119)
[0415/163319.096:INFO:CONSOLE(119)] "console.groupEnd", source: https://fe-static.xhscdn.com/formula-static/ugc/public/resource/js/811.bfa839ac.js (119)
[0415/163319.224:INFO:CONSOLE(119)] "[apm] httpRequestTiming", source: https://fe-static.xhscdn.com/formula-static/ugc/public/resource/js/811.bfa839ac.js (119)
[0415/163319.224:INFO:CONSOLE(119)] "console.groupEnd", source: https://fe-static.xhscdn.com/formula-static/ugc/public/resource/js/811.bfa839ac.js (119)
[0415/163319.224:INFO:CONSOLE(119)] "[apm] httpRequestTiming", source: https://fe-static.xhscdn.com/formula-static/ugc/public/resource/js/811.bfa839ac.js (119)
[0415/163319.224:INFO:CONSOLE(119)] "console.groupEnd", source: https://fe-static.xhscdn.com/formula-static/ugc/public/resource/js/811.bfa839ac.js (119)
[0415/163319.225:INFO:CONSOLE(119)] "[apm] sns_web_publish_upload_image", source: https://fe-static.xhscdn.com/formula-static/ugc/public/resource/js/811.bfa839ac.js (119)
[0415/163319.225:INFO:CONSOLE(119)] "console.groupEnd", source: https://fe-static.xhscdn.com/formula-static/ugc/public/resource/js/811.bfa839ac.js (119)
[0415/163319.225:INFO:CONSOLE(119)] "[apm] sns_web_publish_upload_speed", source: https://fe-static.xhscdn.com/formula-static/ugc/public/resource/js/811.bfa839ac.js (119)
[0415/163319.225:INFO:CONSOLE(119)] "console.groupEnd", source: https://fe-static.xhscdn.com/formula-static/ugc/public/resource/js/811.bfa839ac.js (119)
[0415/163319.225:INFO:CONSOLE(119)] "[apm] sns_web_publish_upload_image", source: https://fe-static.xhscdn.com/formula-static/ugc/public/resource/js/811.bfa839ac.js (119)
[0415/163319.225:INFO:CONSOLE(119)] "console.groupEnd", source: https://fe-static.xhscdn.com/formula-static/ugc/public/resource/js/811.bfa839ac.js (119)
[0415/163321.378:INFO:CONSOLE(119)] "Uncaught (in promise) Error: [Eaglet Exception] no match enum `1` in `NoteEditSource` field", source: https://fe-static.xhscdn.com/formula-static/ugc/public/resource/js/811.bfa839ac.js (119)
[0415/163321.455:INFO:CONSOLE(119)] "[apm] sns_web_publish_upload_speed", source: https://fe-static.xhscdn.com/formula-static/ugc/public/resource/js/811.bfa839ac.js (119)
[0415/163321.455:INFO:CONSOLE(119)] "console.groupEnd", source: https://fe-static.xhscdn.com/formula-static/ugc/public/resource/js/811.bfa839ac.js (119)
[0415/163321.455:INFO:CONSOLE(119)] "[apm] httpRequestTiming", source: https://fe-static.xhscdn.com/formula-static/ugc/public/resource/js/811.bfa839ac.js (119)
[0415/163321.455:INFO:CONSOLE(119)] "console.groupEnd", source: https://fe-static.xhscdn.com/formula-static/ugc/public/resource/js/811.bfa839ac.js (119)
[0415/163321.455:INFO:CONSOLE(119)] "[apm] sns_web_publish_publish", source: https://fe-static.xhscdn.com/formula-static/ugc/public/resource/js/811.bfa839ac.js (119)
[0415/163321.455:INFO:CONSOLE(119)] "console.groupEnd", source: https://fe-static.xhscdn.com/formula-static/ugc/public/resource/js/811.bfa839ac.js (119)
[0415/163321.455:INFO:CONSOLE(119)] "[apm] httpRequestTiming", source: https://fe-static.xhscdn.com/formula-static/ugc/public/resource/js/811.bfa839ac.js (119)
[0415/163321.455:INFO:CONSOLE(119)] "console.groupEnd", source: https://fe-static.xhscdn.com/formula-static/ugc/public/resource/js/811.bfa839ac.js (119)
[0415/163321.455:INFO:CONSOLE(119)] "[apm] sns_web_publish_publish", source: https://fe-static.xhscdn.com/formula-static/ugc/public/resource/js/811.bfa839ac.js (119)
[0415/163321.455:INFO:CONSOLE(119)] "console.groupEnd", source: https://fe-static.xhscdn.com/formula-static/ugc/public/resource/js/811.bfa839ac.js (119)
